{"logTime": "0515/113831", "correlationVector":"4O7bSyaEUErgdEmBvfrisS.0","action":"FeedSettingFetch_homeCloud", "result":"0", "context":{}}
{"logTime": "0515/113831", "correlationVector":"gQm3i7k/gmiueOHa9wM6HQ.1","action":"SyncServerConnectionManagerRequest", "result":"SYNC_SERVER_OK", "context":{"environment":"Prod_SoutheastAsia_000j", "migrationStage":"NotStarted", "server":"general0100000B"}}
{"logTime": "0515/113831", "correlationVector":"gQm3i7k/gmiueOHa9wM6HQ","action":"Initial GetUpdates", "result":"", "context":Reason: NEW_CLIENT. cV=gQm3i7k/gmiueOHa9wM6HQ}
{"logTime": "0515/113831", "correlationVector":"gQm3i7k/gmiueOHa9wM6HQ.2","action":"GetUpdates Response", "result":"SYNCER_OK", "context":Received 1 update(s). cV=gQm3i7k/gmiueOHa9wM6HQ.0;server=general0100000B;cloudType=Consumer;environment=Prod_SoutheastAsia_000j;migrationStage=NotStarted}
{"logTime": "0515/113831", "correlationVector":"4Vsq2kM6Bljx6CaH0wspb+","action":"SyncServerConnectionManagerRequest", "result":"SYNC_SERVER_OK", "context":{"environment":"", "migrationStage":"", "server":""}}
{"logTime": "0515/113831", "correlationVector":"Bv+JMlOaKoxvOG8a77bb/h","action":"Initial GetUpdates", "result":"", "context":Reason: NEW_CLIENT. cV=Bv+JMlOaKoxvOG8a77bb/h}
{"logTime": "0515/113831", "correlationVector":"Bv+JMlOaKoxvOG8a77bb/h.1","action":"SyncServerConnectionManagerRequest", "result":"SYNC_SERVER_OK", "context":{"environment":"Prod_SoutheastAsia_000j", "migrationStage":"NotStarted", "server":"GENERAL01000015"}}
{"logTime": "0515/113831", "correlationVector":"Bv+JMlOaKoxvOG8a77bb/h.2","action":"GetUpdates Response", "result":"SYNCER_OK", "context":Received 6 update(s). cV=Bv+JMlOaKoxvOG8a77bb/h.0;server=GENERAL01000015;cloudType=Consumer;environment=Prod_SoutheastAsia_000j;migrationStage=NotStarted}
{"logTime": "0515/113831", "correlationVector":"5IxGtwuVbm/fa5O/DjoswV","action":"Normal GetUpdate request", "result":"", "context":cV=5IxGtwuVbm/fa5O/DjoswV
Nudged types: Device Info, User Consents
Refresh requested types: Device Info, User Consents, Send Tab To Self, Encryption Keys}
{"logTime": "0515/113832", "correlationVector":"5IxGtwuVbm/fa5O/DjoswV.1","action":"SyncServerConnectionManagerRequest", "result":"SYNC_SERVER_OK", "context":{"environment":"Prod_SoutheastAsia_000j", "migrationStage":"NotStarted", "server":"GENERAL0100000Q"}}
{"logTime": "0515/113832", "correlationVector":"5IxGtwuVbm/fa5O/DjoswV.2","action":"GetUpdates Response", "result":"SYNCER_OK", "context":Received 0 update(s). cV=5IxGtwuVbm/fa5O/DjoswV.0;server=GENERAL0100000Q;cloudType=Consumer;environment=Prod_SoutheastAsia_000j;migrationStage=NotStarted}
{"logTime": "0515/113832", "correlationVector":"M/6wUlWwVFpXAXWva7XotS","action":"Commit Request", "result":"", "context":Item count: 1
Contributing types: Device Info}
{"logTime": "0515/113832", "correlationVector":"M/6wUlWwVFpXAXWva7XotS.1","action":"SyncServerConnectionManagerRequest", "result":"SYNC_SERVER_OK", "context":{"environment":"Prod_SoutheastAsia_000j", "migrationStage":"NotStarted", "server":"GENERAL0100000K"}}
{"logTime": "0515/113832", "correlationVector":"M/6wUlWwVFpXAXWva7XotS.2","action":"Commit Response", "result":"SYNCER_OK", "context":Result: SYNCER_OK. cV=M/6wUlWwVFpXAXWva7XotS.0;server=GENERAL0100000K;cloudType=Consumer;environment=Prod_SoutheastAsia_000j;migrationStage=NotStarted}
{"logTime": "0515/113832", "correlationVector":"ZiZGUdJPAeLLmItYTPu5+C","action":"Commit Request", "result":"", "context":Item count: 2
Contributing types: User Consents}
{"logTime": "0515/113833", "correlationVector":"ZiZGUdJPAeLLmItYTPu5+C.1","action":"SyncServerConnectionManagerRequest", "result":"SYNC_SERVER_OK", "context":{"environment":"Prod_SoutheastAsia_000j", "migrationStage":"NotStarted", "server":"GENERAL0100000R"}}
{"logTime": "0515/113833", "correlationVector":"ZiZGUdJPAeLLmItYTPu5+C.2","action":"Commit Response", "result":"SYNCER_OK", "context":Result: SYNCER_OK. cV=ZiZGUdJPAeLLmItYTPu5+C.0;server=GENERAL0100000R;cloudType=Consumer;environment=Prod_SoutheastAsia_000j;migrationStage=NotStarted}
{"logTime": "0515/113833", "correlationVector":"mzuXR4oC3Teemgwevkj+ZB","action":"Normal GetUpdate request", "result":"", "context":cV=mzuXR4oC3Teemgwevkj+ZB
Nudged types: Device Info}
{"logTime": "0515/113833", "correlationVector":"mzuXR4oC3Teemgwevkj+ZB.1","action":"SyncServerConnectionManagerRequest", "result":"SYNC_SERVER_OK", "context":{"environment":"Prod_SoutheastAsia_000j", "migrationStage":"NotStarted", "server":"GENERAL0100001I"}}
{"logTime": "0515/113833", "correlationVector":"mzuXR4oC3Teemgwevkj+ZB.2","action":"GetUpdates Response", "result":"SYNCER_OK", "context":Received 1 update(s). cV=mzuXR4oC3Teemgwevkj+ZB.0;server=GENERAL0100001I;cloudType=Consumer;environment=Prod_SoutheastAsia_000j;migrationStage=NotStarted}
{"logTime": "0515/121905", "correlationVector":"QdyTGW1y2KRb8m6zEKk58l.0","action":"FeedSettingFetch_homeCloud", "result":"0", "context":{}}
{"logTime": "0515/121905", "correlationVector":"pVhxYA1Hdr9Bjt8oqpnjie.1","action":"SyncServerConnectionManagerRequest", "result":"SYNC_SERVER_OK", "context":{"environment":"Prod_SoutheastAsia_000j", "migrationStage":"NotStarted", "server":"GENERAL0100001D"}}
{"logTime": "0515/121905", "correlationVector":"pVhxYA1Hdr9Bjt8oqpnjie","action":"Initial GetUpdates", "result":"", "context":Reason: NEW_CLIENT. cV=pVhxYA1Hdr9Bjt8oqpnjie}
{"logTime": "0515/121905", "correlationVector":"pVhxYA1Hdr9Bjt8oqpnjie.2","action":"GetUpdates Response", "result":"SYNCER_OK", "context":Received 1 update(s). cV=pVhxYA1Hdr9Bjt8oqpnjie.0;server=GENERAL0100001D;cloudType=Consumer;environment=Prod_SoutheastAsia_000j;migrationStage=NotStarted}
{"logTime": "0515/121905", "correlationVector":"uViNuVoOBcMkKjhfjbsGXJ","action":"SyncServerConnectionManagerRequest", "result":"SYNC_SERVER_OK", "context":{"environment":"", "migrationStage":"", "server":""}}
{"logTime": "0515/121905", "correlationVector":"mWzvv/UKtuuKXjYjLAkFEP","action":"Normal GetUpdate request", "result":"", "context":cV=mWzvv/UKtuuKXjYjLAkFEP
Nudged types: User Consents
Refresh requested types: Device Info, User Consents, Send Tab To Self, Encryption Keys}
{"logTime": "0515/121905", "correlationVector":"mWzvv/UKtuuKXjYjLAkFEP.1","action":"SyncServerConnectionManagerRequest", "result":"SYNC_SERVER_OK", "context":{"environment":"Prod_SoutheastAsia_000j", "migrationStage":"NotStarted", "server":"general01000011"}}
{"logTime": "0515/121905", "correlationVector":"mWzvv/UKtuuKXjYjLAkFEP.2","action":"GetUpdates Response", "result":"SYNCER_OK", "context":Received 0 update(s). cV=mWzvv/UKtuuKXjYjLAkFEP.0;server=general01000011;cloudType=Consumer;environment=Prod_SoutheastAsia_000j;migrationStage=NotStarted}
{"logTime": "0515/121905", "correlationVector":"XGy3TWi6Wy8pSfOary7ePu","action":"Commit Request", "result":"", "context":Item count: 1
Contributing types: User Consents}
{"logTime": "0515/121905", "correlationVector":"XGy3TWi6Wy8pSfOary7ePu.1","action":"SyncServerConnectionManagerRequest", "result":"SYNC_SERVER_OK", "context":{"environment":"Prod_SoutheastAsia_000j", "migrationStage":"NotStarted", "server":"GENERAL0100000N"}}
{"logTime": "0515/121905", "correlationVector":"XGy3TWi6Wy8pSfOary7ePu.2","action":"Commit Response", "result":"SYNCER_OK", "context":Result: SYNCER_OK. cV=XGy3TWi6Wy8pSfOary7ePu.0;server=GENERAL0100000N;cloudType=Consumer;environment=Prod_SoutheastAsia_000j;migrationStage=NotStarted}
{"logTime": "0515/121905", "correlationVector":"nVIaNDscJUe6mhCuxa0wJz","action":"Normal GetUpdate request", "result":"", "context":cV=nVIaNDscJUe6mhCuxa0wJz
Refresh requested types: Device Info, User Consents, Send Tab To Self, Encryption Keys}
{"logTime": "0515/121905", "correlationVector":"nVIaNDscJUe6mhCuxa0wJz.1","action":"SyncServerConnectionManagerRequest", "result":"SYNC_SERVER_OK", "context":{"environment":"Prod_SoutheastAsia_000j", "migrationStage":"NotStarted", "server":"general0100000I"}}
{"logTime": "0515/121905", "correlationVector":"nVIaNDscJUe6mhCuxa0wJz.2","action":"GetUpdates Response", "result":"SYNCER_OK", "context":Received 5 update(s). cV=nVIaNDscJUe6mhCuxa0wJz.0;server=general0100000I;cloudType=Consumer;environment=Prod_SoutheastAsia_000j;migrationStage=NotStarted}
{"logTime": "0515/121906", "correlationVector":"HSEQIRL6Z0n7jBIFvZMvqP","action":"Initial GetUpdates", "result":"", "context":Reason: RECONFIGURATION. cV=HSEQIRL6Z0n7jBIFvZMvqP}
{"logTime": "0515/121906", "correlationVector":"HSEQIRL6Z0n7jBIFvZMvqP.1","action":"SyncServerConnectionManagerRequest", "result":"SYNC_SERVER_OK", "context":{"environment":"Prod_SoutheastAsia_000j", "migrationStage":"NotStarted", "server":"GENERAL0100001J"}}
{"logTime": "0515/121906", "correlationVector":"HSEQIRL6Z0n7jBIFvZMvqP.2","action":"GetUpdates Response", "result":"SYNCER_OK", "context":Received 39 update(s). cV=HSEQIRL6Z0n7jBIFvZMvqP.0;server=GENERAL0100001J;cloudType=Consumer;environment=Prod_SoutheastAsia_000j;migrationStage=NotStarted}
{"logTime": "0515/121906", "correlationVector":"XUnYl563BGIvWlAcmTrHne","action":"Initial GetUpdates", "result":"", "context":Reason: RECONFIGURATION. cV=XUnYl563BGIvWlAcmTrHne}
{"logTime": "0515/121906", "correlationVector":"XUnYl563BGIvWlAcmTrHne.1","action":"SyncServerConnectionManagerRequest", "result":"SYNC_SERVER_OK", "context":{"environment":"Prod_SoutheastAsia_000j", "migrationStage":"NotStarted", "server":"GENERAL0100000J"}}
{"logTime": "0515/121906", "correlationVector":"XUnYl563BGIvWlAcmTrHne.2","action":"GetUpdates Response", "result":"SYNCER_OK", "context":Received 12 update(s). cV=XUnYl563BGIvWlAcmTrHne.0;server=GENERAL0100000J;cloudType=Consumer;environment=Prod_SoutheastAsia_000j;migrationStage=NotStarted}
{"logTime": "0515/121906", "correlationVector":"oNhE3vRZM470HOH+KRDG4T","action":"Initial GetUpdates", "result":"", "context":Reason: RECONFIGURATION. cV=oNhE3vRZM470HOH+KRDG4T}
{"logTime": "0515/121907", "correlationVector":"oNhE3vRZM470HOH+KRDG4T.1","action":"SyncServerConnectionManagerRequest", "result":"SYNC_SERVER_OK", "context":{"environment":"Prod_SoutheastAsia_000j", "migrationStage":"NotStarted", "server":"GENERAL0100000D"}}
{"logTime": "0515/121907", "correlationVector":"oNhE3vRZM470HOH+KRDG4T.2","action":"GetUpdates", "result":"DeleteReceived", "context":{"id":"3e7bcfb3-1223-46a2-810c-9c40640a47e0", "isDeleted:":"true", "version":"1679963806976"}}
{"logTime": "0515/121907", "correlationVector":"oNhE3vRZM470HOH+KRDG4T.3","action":"GetUpdates", "result":"DeleteReceived", "context":{"id":"10d21289-7a6a-4e39-ba89-5cde4bbd6937", "isDeleted:":"true", "version":"1676377453264"}}
{"logTime": "0515/121907", "correlationVector":"oNhE3vRZM470HOH+KRDG4T.4","action":"GetUpdates", "result":"DeleteReceived", "context":{"id":"ee40ca09-6c2d-47cd-aaa7-3b9ffef43e3e", "isDeleted:":"true", "version":"1676377453265"}}
{"logTime": "0515/121907", "correlationVector":"oNhE3vRZM470HOH+KRDG4T.5","action":"GetUpdates", "result":"DeleteReceived", "context":{"id":"d7dd47e1-a8d5-49bf-bd67-919115746ef2", "isDeleted:":"true", "version":"1676377453266"}}
{"logTime": "0515/121907", "correlationVector":"oNhE3vRZM470HOH+KRDG4T.6","action":"GetUpdates", "result":"DeleteReceived", "context":{"id":"f3a29f4d-17e9-455d-b5e2-1d3adfe6d517", "isDeleted:":"true", "version":"1676387507524"}}
{"logTime": "0515/121907", "correlationVector":"oNhE3vRZM470HOH+KRDG4T.7","action":"GetUpdates", "result":"DeleteReceived", "context":{"id":"6597d38f-2bd8-4edd-a2f2-86b6389f9a17", "isDeleted:":"true", "version":"1676387507525"}}
{"logTime": "0515/121907", "correlationVector":"oNhE3vRZM470HOH+KRDG4T.8","action":"GetUpdates", "result":"DeleteReceived", "context":{"id":"bbd0e218-0a97-4873-b389-6357f3a54e83", "isDeleted:":"true", "version":"1676387507526"}}
{"logTime": "0515/121907", "correlationVector":"oNhE3vRZM470HOH+KRDG4T.9","action":"GetUpdates", "result":"DeleteReceived", "context":{"id":"df0a8577-a2b1-4287-8068-1c01251bc1b4", "isDeleted:":"true", "version":"1676388915692"}}
{"logTime": "0515/121907", "correlationVector":"oNhE3vRZM470HOH+KRDG4T.10","action":"GetUpdates", "result":"DeleteReceived", "context":{"id":"858d1b00-b0f5-4ecf-93eb-161c47a5253f", "isDeleted:":"true", "version":"1676388915693"}}
{"logTime": "0515/121907", "correlationVector":"oNhE3vRZM470HOH+KRDG4T.11","action":"GetUpdates", "result":"DeleteReceived", "context":{"id":"86e49633-8498-4864-b6c3-47d2f1dd326a", "isDeleted:":"true", "version":"1676388915694"}}
{"logTime": "0515/121907", "correlationVector":"oNhE3vRZM470HOH+KRDG4T.12","action":"GetUpdates", "result":"DeleteReceived", "context":{"id":"4ef7464d-b298-4cb3-b1a4-fe4b599b19b3", "isDeleted:":"true", "version":"1676597218907"}}
{"logTime": "0515/121907", "correlationVector":"oNhE3vRZM470HOH+KRDG4T.13","action":"GetUpdates", "result":"DeleteReceived", "context":{"id":"97eb4457-3e42-49bf-aecb-18fcbb9d14c9", "isDeleted:":"true", "version":"1676597218908"}}
{"logTime": "0515/121907", "correlationVector":"oNhE3vRZM470HOH+KRDG4T.14","action":"GetUpdates", "result":"DeleteReceived", "context":{"id":"bd5ef690-135e-4f53-8526-758df8b0276a", "isDeleted:":"true", "version":"1676597218909"}}
{"logTime": "0515/121907", "correlationVector":"oNhE3vRZM470HOH+KRDG4T.15","action":"GetUpdates", "result":"DeleteReceived", "context":{"id":"116f3445-a7c2-43a8-bf3e-530140ed02d5", "isDeleted:":"true", "version":"1676597585746"}}
{"logTime": "0515/121907", "correlationVector":"oNhE3vRZM470HOH+KRDG4T.16","action":"GetUpdates", "result":"DeleteReceived", "context":{"id":"9a6132c8-1127-4715-920f-d84f0b746d2d", "isDeleted:":"true", "version":"1676597585747"}}
{"logTime": "0515/121907", "correlationVector":"oNhE3vRZM470HOH+KRDG4T.17","action":"GetUpdates", "result":"DeleteReceived", "context":{"id":"d483bd5a-f0b8-4710-b87a-23e1f6b3055d", "isDeleted:":"true", "version":"1676597585748"}}
{"logTime": "0515/121907", "correlationVector":"oNhE3vRZM470HOH+KRDG4T.18","action":"GetUpdates", "result":"DeleteReceived", "context":{"id":"af049ce6-939c-4d82-9eb4-d7a8df428774", "isDeleted:":"true", "version":"1678089433056"}}
{"logTime": "0515/121907", "correlationVector":"oNhE3vRZM470HOH+KRDG4T.19","action":"GetUpdates", "result":"DeleteReceived", "context":{"id":"c12b95d6-84c9-4c00-aaea-47ab27a08dd7", "isDeleted:":"true", "version":"1678288858862"}}
{"logTime": "0515/121907", "correlationVector":"oNhE3vRZM470HOH+KRDG4T.20","action":"GetUpdates", "result":"DeleteReceived", "context":{"id":"5fd6d90d-1d57-4f46-b2f7-d558e87d0e3a", "isDeleted:":"true", "version":"1678371375510"}}
{"logTime": "0515/121907", "correlationVector":"oNhE3vRZM470HOH+KRDG4T.21","action":"GetUpdates", "result":"DeleteReceived", "context":{"id":"4e70e0f9-4bb3-408c-b0e4-0689195e4456", "isDeleted:":"true", "version":"1678546420219"}}
{"logTime": "0515/121907", "correlationVector":"oNhE3vRZM470HOH+KRDG4T.22","action":"GetUpdates", "result":"DeleteReceived", "context":{"id":"7e6a9ac3-7567-4202-ad92-18297a6ce1cd", "isDeleted:":"true", "version":"1678550570142"}}
{"logTime": "0515/121907", "correlationVector":"oNhE3vRZM470HOH+KRDG4T.23","action":"GetUpdates", "result":"DeleteReceived", "context":{"id":"981801f5-459c-4994-a3f6-c3bc5a18231a", "isDeleted:":"true", "version":"1678552334919"}}
{"logTime": "0515/121907", "correlationVector":"oNhE3vRZM470HOH+KRDG4T.24","action":"GetUpdates", "result":"DeleteReceived", "context":{"id":"f6287f2c-fbdf-4ab1-b02d-6401348c589d", "isDeleted:":"true", "version":"1678552712594"}}
{"logTime": "0515/121907", "correlationVector":"oNhE3vRZM470HOH+KRDG4T.25","action":"GetUpdates", "result":"DeleteReceived", "context":{"id":"459b3f1c-9378-4793-aadf-f8e9745e6d17", "isDeleted:":"true", "version":"1678601467816"}}
{"logTime": "0515/121907", "correlationVector":"oNhE3vRZM470HOH+KRDG4T.26","action":"GetUpdates", "result":"DeleteReceived", "context":{"id":"2109efc7-35af-4aba-afbd-e18d73c60c44", "isDeleted:":"true", "version":"1678602324759"}}
{"logTime": "0515/121907", "correlationVector":"oNhE3vRZM470HOH+KRDG4T.27","action":"GetUpdates", "result":"DeleteReceived", "context":{"id":"70e8df28-a2f8-45fe-a7c1-91eecc44ab4a", "isDeleted:":"true", "version":"1678752203905"}}
{"logTime": "0515/121907", "correlationVector":"oNhE3vRZM470HOH+KRDG4T.28","action":"GetUpdates", "result":"DeleteReceived", "context":{"id":"fc833ec2-4db8-48a9-96a5-542c16a40b40", "isDeleted:":"true", "version":"1678752260447"}}
{"logTime": "0515/121907", "correlationVector":"oNhE3vRZM470HOH+KRDG4T.29","action":"GetUpdates", "result":"DeleteReceived", "context":{"id":"8ed1d031-4f8e-41fb-963f-9badb272cc23", "isDeleted:":"true", "version":"1679963806978"}}
{"logTime": "0515/121907", "correlationVector":"oNhE3vRZM470HOH+KRDG4T.30","action":"GetUpdates", "result":"DeleteReceived", "context":{"id":"01a32482-7b7e-432d-82f0-c13ea0aa1a67", "isDeleted:":"true", "version":"1680020573629"}}
{"logTime": "0515/121907", "correlationVector":"oNhE3vRZM470HOH+KRDG4T.31","action":"GetUpdates", "result":"DeleteReceived", "context":{"id":"e675b889-69cf-4492-9cb8-ebb72805e0c7", "isDeleted:":"true", "version":"1680020573630"}}
{"logTime": "0515/121907", "correlationVector":"oNhE3vRZM470HOH+KRDG4T.32","action":"GetUpdates", "result":"DeleteReceived", "context":{"id":"494b2ea0-9d7a-443c-83a3-97a3e297ec07", "isDeleted:":"true", "version":"1680251631852"}}
{"logTime": "0515/121907", "correlationVector":"oNhE3vRZM470HOH+KRDG4T.33","action":"GetUpdates", "result":"DeleteReceived", "context":{"id":"375737d5-fe93-4b22-b623-948ec1ab0e91", "isDeleted:":"true", "version":"1680251631854"}}
{"logTime": "0515/121907", "correlationVector":"oNhE3vRZM470HOH+KRDG4T.34","action":"GetUpdates", "result":"DeleteReceived", "context":{"id":"eb44f01e-0e41-4192-9331-48d749766411", "isDeleted:":"true", "version":"1680257806331"}}
{"logTime": "0515/121907", "correlationVector":"oNhE3vRZM470HOH+KRDG4T.35","action":"GetUpdates", "result":"DeleteReceived", "context":{"id":"50f3ed37-8800-4455-aca7-50e05da40c33", "isDeleted:":"true", "version":"1680257806332"}}
{"logTime": "0515/121907", "correlationVector":"oNhE3vRZM470HOH+KRDG4T.36","action":"GetUpdates", "result":"DeleteReceived", "context":{"id":"8c00044b-2f12-4e63-bf44-57ebecc6fb82", "isDeleted:":"true", "version":"1680407210794"}}
{"logTime": "0515/121907", "correlationVector":"oNhE3vRZM470HOH+KRDG4T.37","action":"GetUpdates", "result":"DeleteReceived", "context":{"id":"5c1129d3-d5c2-4a0d-bd2c-1652b00651a5", "isDeleted:":"true", "version":"1680407210796"}}
{"logTime": "0515/121907", "correlationVector":"oNhE3vRZM470HOH+KRDG4T.38","action":"GetUpdates", "result":"DeleteReceived", "context":{"id":"068fe58d-873c-4198-b0be-f1ef7643531f", "isDeleted:":"true", "version":"1680450249714"}}
{"logTime": "0515/121907", "correlationVector":"oNhE3vRZM470HOH+KRDG4T.39","action":"GetUpdates", "result":"DeleteReceived", "context":{"id":"79f608fd-7a81-45a3-962c-e6751e9a9bd7", "isDeleted:":"true", "version":"1680450249715"}}
{"logTime": "0515/121907", "correlationVector":"oNhE3vRZM470HOH+KRDG4T.40","action":"GetUpdates", "result":"DeleteReceived", "context":{"id":"a8927d23-7803-47e2-ba88-6483c0a73619", "isDeleted:":"true", "version":"1682001754475"}}
{"logTime": "0515/121907", "correlationVector":"oNhE3vRZM470HOH+KRDG4T.41","action":"GetUpdates", "result":"DeleteReceived", "context":{"id":"4dd241af-425c-4224-8f39-03ddbe5fca92", "isDeleted:":"true", "version":"1683439796981"}}
{"logTime": "0515/121907", "correlationVector":"oNhE3vRZM470HOH+KRDG4T.42","action":"GetUpdates Response", "result":"SYNCER_OK", "context":Received 95 update(s). cV=oNhE3vRZM470HOH+KRDG4T.0;server=GENERAL0100000D;cloudType=Consumer;environment=Prod_SoutheastAsia_000j;migrationStage=NotStarted}
{"logTime": "0515/121907", "correlationVector":"STOWSkjS2jNwelLe5Cnzax","action":"Normal GetUpdate request", "result":"", "context":cV=STOWSkjS2jNwelLe5Cnzax
Nudged types: Sessions, Device Info
Refresh requested types: Bookmarks, Preferences, Passwords, Autofill Profiles, Autofill, Autofill Custom Data, Typed URLs, Extensions, Sessions, Extension settings, History Delete Directives, Device Info, User Consents, Send Tab To Self, Web Apps, Collection, Edge E Drop, Encryption Keys}
{"logTime": "0515/121908", "correlationVector":"STOWSkjS2jNwelLe5Cnzax.1","action":"SyncServerConnectionManagerRequest", "result":"SYNC_SERVER_OK", "context":{"environment":"Prod_SoutheastAsia_000j", "migrationStage":"NotStarted", "server":"GENERAL01000010"}}
{"logTime": "0515/121908", "correlationVector":"STOWSkjS2jNwelLe5Cnzax.2","action":"GetUpdates Response", "result":"SYNCER_OK", "context":Received 0 update(s). cV=STOWSkjS2jNwelLe5Cnzax.0;server=GENERAL01000010;cloudType=Consumer;environment=Prod_SoutheastAsia_000j;migrationStage=NotStarted}
{"logTime": "0515/121908", "correlationVector":"t/xWl0zzkosuBmwt+nwWlW","action":"Commit Request", "result":"", "context":Item count: 1
Contributing types: Device Info}
{"logTime": "0515/121908", "correlationVector":"t/xWl0zzkosuBmwt+nwWlW.1","action":"SyncServerConnectionManagerRequest", "result":"SYNC_SERVER_OK", "context":{"environment":"Prod_SoutheastAsia_000j", "migrationStage":"NotStarted", "server":"GENERAL0100000G"}}
{"logTime": "0515/121908", "correlationVector":"t/xWl0zzkosuBmwt+nwWlW.2","action":"Commit Response", "result":"SYNCER_OK", "context":Result: SYNCER_OK. cV=t/xWl0zzkosuBmwt+nwWlW.0;server=GENERAL0100000G;cloudType=Consumer;environment=Prod_SoutheastAsia_000j;migrationStage=NotStarted}
{"logTime": "0515/121908", "correlationVector":"Q9eBeMPxxH2L1wJ7uBbw1K","action":"Commit Request", "result":"", "context":Item count: 2
Contributing types: Sessions}
{"logTime": "0515/121909", "correlationVector":"Q9eBeMPxxH2L1wJ7uBbw1K.1","action":"SyncServerConnectionManagerRequest", "result":"SYNC_SERVER_OK", "context":{"environment":"Prod_SoutheastAsia_000j", "migrationStage":"NotStarted", "server":"GENERAL0100001I"}}
{"logTime": "0515/121909", "correlationVector":"Q9eBeMPxxH2L1wJ7uBbw1K.2","action":"Commit Response", "result":"SYNCER_OK", "context":Result: SYNCER_OK. cV=Q9eBeMPxxH2L1wJ7uBbw1K.0;server=GENERAL0100001I;cloudType=Consumer;environment=Prod_SoutheastAsia_000j;migrationStage=NotStarted}
{"logTime": "0515/122118", "correlationVector":"hsl1ERIyjG4liIx/nqdS46","action":"Commit Request", "result":"", "context":Item count: 1
Contributing types: Sessions}
{"logTime": "0515/122118", "correlationVector":"hsl1ERIyjG4liIx/nqdS46.1","action":"SyncServerConnectionManagerRequest", "result":"SYNC_SERVER_OK", "context":{"environment":"Prod_SoutheastAsia_000j", "migrationStage":"NotStarted", "server":"GENERAL0100000R"}}
{"logTime": "0515/122118", "correlationVector":"hsl1ERIyjG4liIx/nqdS46.2","action":"Commit Response", "result":"SYNCER_OK", "context":Result: SYNCER_OK. cV=hsl1ERIyjG4liIx/nqdS46.0;server=GENERAL0100000R;cloudType=Consumer;environment=Prod_SoutheastAsia_000j;migrationStage=NotStarted}
{"logTime": "0515/122502", "correlationVector":"Gwznm3daTqffqGeBCKFJI8","action":"Commit Request", "result":"", "context":Item count: 1
Contributing types: Sessions}
{"logTime": "0515/122503", "correlationVector":"Gwznm3daTqffqGeBCKFJI8.1","action":"SyncServerConnectionManagerRequest", "result":"SYNC_SERVER_OK", "context":{"environment":"Prod_SoutheastAsia_000j", "migrationStage":"NotStarted", "server":"GENERAL0100000D"}}
{"logTime": "0515/122503", "correlationVector":"Gwznm3daTqffqGeBCKFJI8.2","action":"Commit Response", "result":"SYNCER_OK", "context":Result: SYNCER_OK. cV=Gwznm3daTqffqGeBCKFJI8.0;server=GENERAL0100000D;cloudType=Consumer;environment=Prod_SoutheastAsia_000j;migrationStage=NotStarted}
{"logTime": "0515/123637", "correlationVector":"tSLYuxGm2UotCni75AaRHI","action":"Commit Request", "result":"", "context":Item count: 1
Contributing types: Sessions}
{"logTime": "0515/123638", "correlationVector":"tSLYuxGm2UotCni75AaRHI.1","action":"SyncServerConnectionManagerRequest", "result":"SYNC_SERVER_OK", "context":{"environment":"Prod_SoutheastAsia_000j", "migrationStage":"NotStarted", "server":"GENERAL0100000S"}}
{"logTime": "0515/123638", "correlationVector":"tSLYuxGm2UotCni75AaRHI.2","action":"Commit Response", "result":"SYNCER_OK", "context":Result: SYNCER_OK. cV=tSLYuxGm2UotCni75AaRHI.0;server=GENERAL0100000S;cloudType=Consumer;environment=Prod_SoutheastAsia_000j;migrationStage=NotStarted}
{"logTime": "0515/130753", "correlationVector":"l/nVzU5wZvJgLOKSW/wwU8","action":"Commit Request", "result":"", "context":Item count: 1
Contributing types: Sessions}
{"logTime": "0515/130753", "correlationVector":"l/nVzU5wZvJgLOKSW/wwU8.1","action":"SyncServerConnectionManagerRequest", "result":"SYNC_SERVER_OK", "context":{"environment":"Prod_SoutheastAsia_000j", "migrationStage":"NotStarted", "server":"GENERAL0100000Q"}}
{"logTime": "0515/130753", "correlationVector":"l/nVzU5wZvJgLOKSW/wwU8.2","action":"Commit Response", "result":"SYNCER_OK", "context":Result: SYNCER_OK. cV=l/nVzU5wZvJgLOKSW/wwU8.0;server=GENERAL0100000Q;cloudType=Consumer;environment=Prod_SoutheastAsia_000j;migrationStage=NotStarted}
{"logTime": "0515/132050", "correlationVector":"FJZlupQK5qF4akI6yTBy8Q","action":"Commit Request", "result":"", "context":Item count: 1
Contributing types: Sessions}
{"logTime": "0515/132051", "correlationVector":"FJZlupQK5qF4akI6yTBy8Q.1","action":"SyncServerConnectionManagerRequest", "result":"SYNC_SERVER_OK", "context":{"environment":"Prod_SoutheastAsia_000j", "migrationStage":"NotStarted", "server":"GENERAL01000003"}}
{"logTime": "0515/132051", "correlationVector":"FJZlupQK5qF4akI6yTBy8Q.2","action":"Commit Response", "result":"SYNCER_OK", "context":Result: SYNCER_OK. cV=FJZlupQK5qF4akI6yTBy8Q.0;server=GENERAL01000003;cloudType=Consumer;environment=Prod_SoutheastAsia_000j;migrationStage=NotStarted}
{"logTime": "0515/132258", "correlationVector":"/nVTEmo6zsB37Bx+/ti6s+","action":"Commit Request", "result":"", "context":Item count: 1
Contributing types: Sessions}
{"logTime": "0515/132259", "correlationVector":"/nVTEmo6zsB37Bx+/ti6s+.1","action":"SyncServerConnectionManagerRequest", "result":"SYNC_SERVER_OK", "context":{"environment":"Prod_SoutheastAsia_000j", "migrationStage":"NotStarted", "server":"GENERAL0100000L"}}
{"logTime": "0515/132259", "correlationVector":"/nVTEmo6zsB37Bx+/ti6s+.2","action":"Commit Response", "result":"SYNCER_OK", "context":Result: SYNCER_OK. cV=/nVTEmo6zsB37Bx+/ti6s+.0;server=GENERAL0100000L;cloudType=Consumer;environment=Prod_SoutheastAsia_000j;migrationStage=NotStarted}
{"logTime": "0515/132331", "correlationVector":"XeGNKNNNEEN6UJqDj13ilp","action":"Commit Request", "result":"", "context":Item count: 1
Contributing types: Sessions}
{"logTime": "0515/132332", "correlationVector":"XeGNKNNNEEN6UJqDj13ilp.1","action":"SyncServerConnectionManagerRequest", "result":"SYNC_SERVER_OK", "context":{"environment":"Prod_SoutheastAsia_000j", "migrationStage":"NotStarted", "server":"GENERAL0100001L"}}
{"logTime": "0515/132332", "correlationVector":"XeGNKNNNEEN6UJqDj13ilp.2","action":"Commit Response", "result":"SYNCER_OK", "context":Result: SYNCER_OK. cV=XeGNKNNNEEN6UJqDj13ilp.0;server=GENERAL0100001L;cloudType=Consumer;environment=Prod_SoutheastAsia_000j;migrationStage=NotStarted}
{"logTime": "0515/132411", "correlationVector":"Zj9okHXD+t50p4lz/+kZFT","action":"Commit Request", "result":"", "context":Item count: 1
Contributing types: Sessions}
{"logTime": "0515/132412", "correlationVector":"Zj9okHXD+t50p4lz/+kZFT.1","action":"SyncServerConnectionManagerRequest", "result":"SYNC_SERVER_OK", "context":{"environment":"Prod_SoutheastAsia_000j", "migrationStage":"NotStarted", "server":"GENERAL0100000E"}}
{"logTime": "0515/132412", "correlationVector":"Zj9okHXD+t50p4lz/+kZFT.2","action":"Commit Response", "result":"SYNCER_OK", "context":Result: SYNCER_OK. cV=Zj9okHXD+t50p4lz/+kZFT.0;server=GENERAL0100000E;cloudType=Consumer;environment=Prod_SoutheastAsia_000j;migrationStage=NotStarted}
{"logTime": "0515/133040", "correlationVector":"qhuebfq2wBM2iW4nArqRoD","action":"Commit Request", "result":"", "context":Item count: 1
Contributing types: Sessions}
{"logTime": "0515/133041", "correlationVector":"qhuebfq2wBM2iW4nArqRoD.1","action":"SyncServerConnectionManagerRequest", "result":"SYNC_SERVER_OK", "context":{"environment":"Prod_SoutheastAsia_000j", "migrationStage":"NotStarted", "server":"GENERAL0100000U"}}
{"logTime": "0515/133041", "correlationVector":"qhuebfq2wBM2iW4nArqRoD.2","action":"Commit Response", "result":"SYNCER_OK", "context":Result: SYNCER_OK. cV=qhuebfq2wBM2iW4nArqRoD.0;server=GENERAL0100000U;cloudType=Consumer;environment=Prod_SoutheastAsia_000j;migrationStage=NotStarted}
{"logTime": "0515/133602", "correlationVector":"fg1H58ausJ9fo5SZvcp4VE","action":"Commit Request", "result":"", "context":Item count: 1
Contributing types: Sessions}
{"logTime": "0515/133603", "correlationVector":"fg1H58ausJ9fo5SZvcp4VE.1","action":"SyncServerConnectionManagerRequest", "result":"SYNC_SERVER_OK", "context":{"environment":"Prod_SoutheastAsia_000j", "migrationStage":"NotStarted", "server":"GENERAL0100000C"}}
{"logTime": "0515/133603", "correlationVector":"fg1H58ausJ9fo5SZvcp4VE.2","action":"Commit Response", "result":"SYNCER_OK", "context":Result: SYNCER_OK. cV=fg1H58ausJ9fo5SZvcp4VE.0;server=GENERAL0100000C;cloudType=Consumer;environment=Prod_SoutheastAsia_000j;migrationStage=NotStarted}
{"logTime": "0515/133817", "correlationVector":"pcAAykeF21zhoe5ed1TJUX","action":"Commit Request", "result":"", "context":Item count: 1
Contributing types: Sessions}
{"logTime": "0515/133818", "correlationVector":"pcAAykeF21zhoe5ed1TJUX.1","action":"SyncServerConnectionManagerRequest", "result":"SYNC_SERVER_OK", "context":{"environment":"Prod_SoutheastAsia_000j", "migrationStage":"NotStarted", "server":"GENERAL0100000M"}}
{"logTime": "0515/133818", "correlationVector":"pcAAykeF21zhoe5ed1TJUX.2","action":"Commit Response", "result":"SYNCER_OK", "context":Result: SYNCER_OK. cV=pcAAykeF21zhoe5ed1TJUX.0;server=GENERAL0100000M;cloudType=Consumer;environment=Prod_SoutheastAsia_000j;migrationStage=NotStarted}
{"logTime": "0515/134153", "correlationVector":"miXququKN/wBm0xZUQ5Dm1","action":"Commit Request", "result":"", "context":Item count: 1
Contributing types: Sessions}
{"logTime": "0515/134153", "correlationVector":"miXququKN/wBm0xZUQ5Dm1.1","action":"SyncServerConnectionManagerRequest", "result":"SYNC_SERVER_OK", "context":{"environment":"Prod_SoutheastAsia_000j", "migrationStage":"NotStarted", "server":"GENERAL0100000T"}}
{"logTime": "0515/134153", "correlationVector":"miXququKN/wBm0xZUQ5Dm1.2","action":"Commit Response", "result":"SYNCER_OK", "context":Result: SYNCER_OK. cV=miXququKN/wBm0xZUQ5Dm1.0;server=GENERAL0100000T;cloudType=Consumer;environment=Prod_SoutheastAsia_000j;migrationStage=NotStarted}
{"logTime": "0515/134319", "correlationVector":"ouA/LbNqOR89WBF2n3PRjf","action":"Commit Request", "result":"", "context":Item count: 1
Contributing types: Sessions}
{"logTime": "0515/134319", "correlationVector":"ouA/LbNqOR89WBF2n3PRjf.1","action":"SyncServerConnectionManagerRequest", "result":"SYNC_SERVER_OK", "context":{"environment":"Prod_SoutheastAsia_000j", "migrationStage":"NotStarted", "server":"GENERAL01000016"}}
{"logTime": "0515/134319", "correlationVector":"ouA/LbNqOR89WBF2n3PRjf.2","action":"Commit Response", "result":"SYNCER_OK", "context":Result: SYNCER_OK. cV=ouA/LbNqOR89WBF2n3PRjf.0;server=GENERAL01000016;cloudType=Consumer;environment=Prod_SoutheastAsia_000j;migrationStage=NotStarted}
{"logTime": "0515/134509", "correlationVector":"0kHdo0jHzkVLAK8NQ2DmY0","action":"Commit Request", "result":"", "context":Item count: 1
Contributing types: Sessions}
{"logTime": "0515/134510", "correlationVector":"0kHdo0jHzkVLAK8NQ2DmY0.1","action":"SyncServerConnectionManagerRequest", "result":"SYNC_SERVER_OK", "context":{"environment":"Prod_SoutheastAsia_000j", "migrationStage":"NotStarted", "server":"GENERAL0100000G"}}
{"logTime": "0515/134510", "correlationVector":"0kHdo0jHzkVLAK8NQ2DmY0.2","action":"Commit Response", "result":"SYNCER_OK", "context":Result: SYNCER_OK. cV=0kHdo0jHzkVLAK8NQ2DmY0.0;server=GENERAL0100000G;cloudType=Consumer;environment=Prod_SoutheastAsia_000j;migrationStage=NotStarted}
{"logTime": "0515/134544", "correlationVector":"4vZTW3QMqkWl7pwUpwsnhm","action":"Commit Request", "result":"", "context":Item count: 1
Contributing types: Sessions}
{"logTime": "0515/134545", "correlationVector":"4vZTW3QMqkWl7pwUpwsnhm.1","action":"SyncServerConnectionManagerRequest", "result":"SYNC_SERVER_OK", "context":{"environment":"Prod_SoutheastAsia_000j", "migrationStage":"NotStarted", "server":"GENERAL01000001"}}
{"logTime": "0515/134545", "correlationVector":"4vZTW3QMqkWl7pwUpwsnhm.2","action":"Commit Response", "result":"SYNCER_OK", "context":Result: SYNCER_OK. cV=4vZTW3QMqkWl7pwUpwsnhm.0;server=GENERAL01000001;cloudType=Consumer;environment=Prod_SoutheastAsia_000j;migrationStage=NotStarted}
{"logTime": "0516/090438", "correlationVector":"P0k0C3+Yj+MEEugBqg7i7F.0","action":"FeedSettingFetch_homeCloud", "result":"0", "context":{}}
{"logTime": "0516/090438", "correlationVector":"gW/X6vCZrBEiyYRHylJGLw.1","action":"SyncServerConnectionManagerRequest", "result":"SYNC_SERVER_OK", "context":{"environment":"Prod_SoutheastAsia_000j", "migrationStage":"NotStarted", "server":"GENERAL0100001E"}}
{"logTime": "0516/090438", "correlationVector":"gW/X6vCZrBEiyYRHylJGLw","action":"Initial GetUpdates", "result":"", "context":Reason: NEW_CLIENT. cV=gW/X6vCZrBEiyYRHylJGLw}
{"logTime": "0516/090438", "correlationVector":"gW/X6vCZrBEiyYRHylJGLw.2","action":"GetUpdates Response", "result":"SYNCER_OK", "context":Received 1 update(s). cV=gW/X6vCZrBEiyYRHylJGLw.0;server=GENERAL0100001E;cloudType=Consumer;environment=Prod_SoutheastAsia_000j;migrationStage=NotStarted}
{"logTime": "0516/090438", "correlationVector":"eAZmEEjL8JYjL2lyl9Z3tk","action":"Normal GetUpdate request", "result":"", "context":cV=eAZmEEjL8JYjL2lyl9Z3tk
Nudged types: Sessions, Device Info, User Consents
Refresh requested types: Bookmarks, Preferences, Autofill Custom Data, Typed URLs, Extensions, Sessions, Extension settings, History Delete Directives, Device Info, User Consents, Send Tab To Self, Web Apps, Collection, Edge E Drop, Encryption Keys}
{"logTime": "0516/090438", "correlationVector":"eAZmEEjL8JYjL2lyl9Z3tk.1","action":"SyncServerConnectionManagerRequest", "result":"SYNC_SERVER_OK", "context":{"environment":"Prod_SoutheastAsia_000j", "migrationStage":"NotStarted", "server":"GENERAL01000017"}}
{"logTime": "0516/090438", "correlationVector":"eAZmEEjL8JYjL2lyl9Z3tk.2","action":"GetUpdates", "result":"DeleteReceived", "context":{"id":"3e7bcfb3-1223-46a2-810c-9c40640a47e0", "isDeleted:":"true", "version":"1679963806976"}}
{"logTime": "0516/090438", "correlationVector":"eAZmEEjL8JYjL2lyl9Z3tk.3","action":"GetUpdates", "result":"DeleteReceived", "context":{"id":"4ef7464d-b298-4cb3-b1a4-fe4b599b19b3", "isDeleted:":"true", "version":"1676597218907"}}
{"logTime": "0516/090438", "correlationVector":"eAZmEEjL8JYjL2lyl9Z3tk.4","action":"GetUpdates", "result":"DeleteReceived", "context":{"id":"97eb4457-3e42-49bf-aecb-18fcbb9d14c9", "isDeleted:":"true", "version":"1676597218908"}}
{"logTime": "0516/090438", "correlationVector":"eAZmEEjL8JYjL2lyl9Z3tk.5","action":"GetUpdates", "result":"DeleteReceived", "context":{"id":"bd5ef690-135e-4f53-8526-758df8b0276a", "isDeleted:":"true", "version":"1676597218909"}}
{"logTime": "0516/090438", "correlationVector":"eAZmEEjL8JYjL2lyl9Z3tk.6","action":"GetUpdates", "result":"DeleteReceived", "context":{"id":"116f3445-a7c2-43a8-bf3e-530140ed02d5", "isDeleted:":"true", "version":"1676597585746"}}
{"logTime": "0516/090438", "correlationVector":"eAZmEEjL8JYjL2lyl9Z3tk.7","action":"GetUpdates", "result":"DeleteReceived", "context":{"id":"9a6132c8-1127-4715-920f-d84f0b746d2d", "isDeleted:":"true", "version":"1676597585747"}}
{"logTime": "0516/090438", "correlationVector":"eAZmEEjL8JYjL2lyl9Z3tk.8","action":"GetUpdates", "result":"DeleteReceived", "context":{"id":"d483bd5a-f0b8-4710-b87a-23e1f6b3055d", "isDeleted:":"true", "version":"1676597585748"}}
{"logTime": "0516/090438", "correlationVector":"eAZmEEjL8JYjL2lyl9Z3tk.9","action":"GetUpdates", "result":"DeleteReceived", "context":{"id":"af049ce6-939c-4d82-9eb4-d7a8df428774", "isDeleted:":"true", "version":"1678089433056"}}
{"logTime": "0516/090438", "correlationVector":"eAZmEEjL8JYjL2lyl9Z3tk.10","action":"GetUpdates", "result":"DeleteReceived", "context":{"id":"c12b95d6-84c9-4c00-aaea-47ab27a08dd7", "isDeleted:":"true", "version":"1678288858862"}}
{"logTime": "0516/090438", "correlationVector":"eAZmEEjL8JYjL2lyl9Z3tk.11","action":"GetUpdates", "result":"DeleteReceived", "context":{"id":"5fd6d90d-1d57-4f46-b2f7-d558e87d0e3a", "isDeleted:":"true", "version":"1678371375510"}}
{"logTime": "0516/090438", "correlationVector":"eAZmEEjL8JYjL2lyl9Z3tk.12","action":"GetUpdates", "result":"DeleteReceived", "context":{"id":"4e70e0f9-4bb3-408c-b0e4-0689195e4456", "isDeleted:":"true", "version":"1678546420219"}}
{"logTime": "0516/090438", "correlationVector":"eAZmEEjL8JYjL2lyl9Z3tk.13","action":"GetUpdates", "result":"DeleteReceived", "context":{"id":"7e6a9ac3-7567-4202-ad92-18297a6ce1cd", "isDeleted:":"true", "version":"1678550570142"}}
{"logTime": "0516/090438", "correlationVector":"eAZmEEjL8JYjL2lyl9Z3tk.14","action":"GetUpdates", "result":"DeleteReceived", "context":{"id":"981801f5-459c-4994-a3f6-c3bc5a18231a", "isDeleted:":"true", "version":"1678552334919"}}
{"logTime": "0516/090438", "correlationVector":"eAZmEEjL8JYjL2lyl9Z3tk.15","action":"GetUpdates", "result":"DeleteReceived", "context":{"id":"f6287f2c-fbdf-4ab1-b02d-6401348c589d", "isDeleted:":"true", "version":"1678552712594"}}
{"logTime": "0516/090438", "correlationVector":"eAZmEEjL8JYjL2lyl9Z3tk.16","action":"GetUpdates", "result":"DeleteReceived", "context":{"id":"459b3f1c-9378-4793-aadf-f8e9745e6d17", "isDeleted:":"true", "version":"1678601467816"}}
{"logTime": "0516/090438", "correlationVector":"eAZmEEjL8JYjL2lyl9Z3tk.17","action":"GetUpdates", "result":"DeleteReceived", "context":{"id":"2109efc7-35af-4aba-afbd-e18d73c60c44", "isDeleted:":"true", "version":"1678602324759"}}
{"logTime": "0516/090438", "correlationVector":"eAZmEEjL8JYjL2lyl9Z3tk.18","action":"GetUpdates", "result":"DeleteReceived", "context":{"id":"70e8df28-a2f8-45fe-a7c1-91eecc44ab4a", "isDeleted:":"true", "version":"1678752203905"}}
{"logTime": "0516/090438", "correlationVector":"eAZmEEjL8JYjL2lyl9Z3tk.19","action":"GetUpdates", "result":"DeleteReceived", "context":{"id":"fc833ec2-4db8-48a9-96a5-542c16a40b40", "isDeleted:":"true", "version":"1678752260447"}}
{"logTime": "0516/090438", "correlationVector":"eAZmEEjL8JYjL2lyl9Z3tk.20","action":"GetUpdates", "result":"DeleteReceived", "context":{"id":"8ed1d031-4f8e-41fb-963f-9badb272cc23", "isDeleted:":"true", "version":"1679963806978"}}
{"logTime": "0516/090438", "correlationVector":"eAZmEEjL8JYjL2lyl9Z3tk.21","action":"GetUpdates", "result":"DeleteReceived", "context":{"id":"01a32482-7b7e-432d-82f0-c13ea0aa1a67", "isDeleted:":"true", "version":"1680020573629"}}
{"logTime": "0516/090438", "correlationVector":"eAZmEEjL8JYjL2lyl9Z3tk.22","action":"GetUpdates", "result":"DeleteReceived", "context":{"id":"e675b889-69cf-4492-9cb8-ebb72805e0c7", "isDeleted:":"true", "version":"1680020573630"}}
{"logTime": "0516/090438", "correlationVector":"eAZmEEjL8JYjL2lyl9Z3tk.23","action":"GetUpdates", "result":"DeleteReceived", "context":{"id":"494b2ea0-9d7a-443c-83a3-97a3e297ec07", "isDeleted:":"true", "version":"1680251631852"}}
{"logTime": "0516/090438", "correlationVector":"eAZmEEjL8JYjL2lyl9Z3tk.24","action":"GetUpdates", "result":"DeleteReceived", "context":{"id":"375737d5-fe93-4b22-b623-948ec1ab0e91", "isDeleted:":"true", "version":"1680251631854"}}
{"logTime": "0516/090438", "correlationVector":"eAZmEEjL8JYjL2lyl9Z3tk.25","action":"GetUpdates", "result":"DeleteReceived", "context":{"id":"eb44f01e-0e41-4192-9331-48d749766411", "isDeleted:":"true", "version":"1680257806331"}}
{"logTime": "0516/090438", "correlationVector":"eAZmEEjL8JYjL2lyl9Z3tk.26","action":"GetUpdates", "result":"DeleteReceived", "context":{"id":"50f3ed37-8800-4455-aca7-50e05da40c33", "isDeleted:":"true", "version":"1680257806332"}}
{"logTime": "0516/090438", "correlationVector":"eAZmEEjL8JYjL2lyl9Z3tk.27","action":"GetUpdates", "result":"DeleteReceived", "context":{"id":"8c00044b-2f12-4e63-bf44-57ebecc6fb82", "isDeleted:":"true", "version":"1680407210794"}}
{"logTime": "0516/090438", "correlationVector":"eAZmEEjL8JYjL2lyl9Z3tk.28","action":"GetUpdates", "result":"DeleteReceived", "context":{"id":"5c1129d3-d5c2-4a0d-bd2c-1652b00651a5", "isDeleted:":"true", "version":"1680407210796"}}
{"logTime": "0516/090438", "correlationVector":"eAZmEEjL8JYjL2lyl9Z3tk.29","action":"GetUpdates", "result":"DeleteReceived", "context":{"id":"068fe58d-873c-4198-b0be-f1ef7643531f", "isDeleted:":"true", "version":"1680450249714"}}
{"logTime": "0516/090438", "correlationVector":"eAZmEEjL8JYjL2lyl9Z3tk.30","action":"GetUpdates", "result":"DeleteReceived", "context":{"id":"79f608fd-7a81-45a3-962c-e6751e9a9bd7", "isDeleted:":"true", "version":"1680450249715"}}
{"logTime": "0516/090438", "correlationVector":"eAZmEEjL8JYjL2lyl9Z3tk.31","action":"GetUpdates", "result":"DeleteReceived", "context":{"id":"a8927d23-7803-47e2-ba88-6483c0a73619", "isDeleted:":"true", "version":"1682001754475"}}
{"logTime": "0516/090438", "correlationVector":"eAZmEEjL8JYjL2lyl9Z3tk.32","action":"GetUpdates", "result":"DeleteReceived", "context":{"id":"4dd241af-425c-4224-8f39-03ddbe5fca92", "isDeleted:":"true", "version":"1683439796981"}}
{"logTime": "0516/090438", "correlationVector":"eAZmEEjL8JYjL2lyl9Z3tk.33","action":"GetUpdates Response", "result":"SYNCER_OK", "context":Received 54 update(s). cV=eAZmEEjL8JYjL2lyl9Z3tk.0;server=GENERAL01000017;cloudType=Consumer;environment=Prod_SoutheastAsia_000j;migrationStage=NotStarted}
{"logTime": "0516/090438", "correlationVector":"gA7FRDsmx0EaAybRGocIs5","action":"Commit Request", "result":"", "context":Item count: 1
Contributing types: Device Info}
{"logTime": "0516/090438", "correlationVector":"gA7FRDsmx0EaAybRGocIs5.1","action":"SyncServerConnectionManagerRequest", "result":"SYNC_SERVER_OK", "context":{"environment":"Prod_SoutheastAsia_000j", "migrationStage":"NotStarted", "server":"GENERAL0100000O"}}
{"logTime": "0516/090438", "correlationVector":"gA7FRDsmx0EaAybRGocIs5.2","action":"Commit Response", "result":"SYNCER_OK", "context":Result: SYNCER_OK. cV=gA7FRDsmx0EaAybRGocIs5.0;server=GENERAL0100000O;cloudType=Consumer;environment=Prod_SoutheastAsia_000j;migrationStage=NotStarted}
{"logTime": "0516/090438", "correlationVector":"l5wbPSJC5IkeS5SL7wFT4u","action":"Commit Request", "result":"", "context":Item count: 4
Contributing types: Sessions, User Consents}
{"logTime": "0516/090439", "correlationVector":"l5wbPSJC5IkeS5SL7wFT4u.1","action":"SyncServerConnectionManagerRequest", "result":"SYNC_SERVER_OK", "context":{"environment":"Prod_SoutheastAsia_000j", "migrationStage":"NotStarted", "server":"GENERAL0100000N"}}
{"logTime": "0516/090439", "correlationVector":"l5wbPSJC5IkeS5SL7wFT4u.3","action":"Commit.Sessions", "result":"Success", "context":{"id":"956ed820-78e7-44cd-bc9c-69f582b6d08f", "isDeleted":"true", "size":"0", "version":"1684158331384"}}
{"logTime": "0516/090439", "correlationVector":"l5wbPSJC5IkeS5SL7wFT4u.2","action":"Commit Response", "result":"SYNCER_OK", "context":Result: SYNCER_OK. cV=l5wbPSJC5IkeS5SL7wFT4u.0;server=GENERAL0100000N;cloudType=Consumer;environment=Prod_SoutheastAsia_000j;migrationStage=NotStarted}
{"logTime": "0516/090449", "correlationVector":"NcS+AqOWzF3qAA5gwiiWCM","action":"SyncServerConnectionManagerRequest", "result":"SYNC_SERVER_OK", "context":{"environment":"", "migrationStage":"", "server":""}}
{"logTime": "0516/090449", "correlationVector":"Du50QDVldtaIv5oVllF2hT","action":"Normal GetUpdate request", "result":"", "context":cV=Du50QDVldtaIv5oVllF2hT
Refresh requested types: Encryption Keys}
{"logTime": "0516/090450", "correlationVector":"Du50QDVldtaIv5oVllF2hT.1","action":"SyncServerConnectionManagerRequest", "result":"SYNC_SERVER_OK", "context":{"environment":"Prod_SoutheastAsia_000j", "migrationStage":"NotStarted", "server":"GENERAL01000018"}}
{"logTime": "0516/090450", "correlationVector":"Du50QDVldtaIv5oVllF2hT.2","action":"GetUpdates", "result":"DeleteReceived", "context":{"id":"956ed820-78e7-44cd-bc9c-69f582b6d08f", "isDeleted:":"true", "version":"1684227863870"}}
{"logTime": "0516/090450", "correlationVector":"Du50QDVldtaIv5oVllF2hT.3","action":"GetUpdates Response", "result":"SYNCER_OK", "context":Received 4 update(s). cV=Du50QDVldtaIv5oVllF2hT.0;server=GENERAL01000018;cloudType=Consumer;environment=Prod_SoutheastAsia_000j;migrationStage=NotStarted}
{"logTime": "0516/090450", "correlationVector":"hyDlNVo90nOxWT2S0T4vBj","action":"Initial GetUpdates", "result":"", "context":Reason: NEWLY_SUPPORTED_DATATYPE. cV=hyDlNVo90nOxWT2S0T4vBj}
{"logTime": "0516/090450", "correlationVector":"hyDlNVo90nOxWT2S0T4vBj.1","action":"SyncServerConnectionManagerRequest", "result":"SYNC_SERVER_OK", "context":{"environment":"Prod_SoutheastAsia_000j", "migrationStage":"NotStarted", "server":"GENERAL0100000M"}}
{"logTime": "0516/090450", "correlationVector":"hyDlNVo90nOxWT2S0T4vBj.2","action":"GetUpdates Response", "result":"SYNCER_OK", "context":Received 16 update(s). cV=hyDlNVo90nOxWT2S0T4vBj.0;server=GENERAL0100000M;cloudType=Consumer;environment=Prod_SoutheastAsia_000j;migrationStage=NotStarted}
{"logTime": "0516/090450", "correlationVector":"uF23dc7W2ar2/ibH0OKrs1","action":"Normal GetUpdate request", "result":"", "context":cV=uF23dc7W2ar2/ibH0OKrs1
Refresh requested types: Bookmarks, Preferences, Passwords, Autofill Profiles, Autofill, Autofill Custom Data, Typed URLs, Extensions, Sessions, Extension settings, History Delete Directives, Device Info, User Consents, Send Tab To Self, Web Apps, Collection, Edge E Drop, Encryption Keys}
{"logTime": "0516/090451", "correlationVector":"uF23dc7W2ar2/ibH0OKrs1.1","action":"SyncServerConnectionManagerRequest", "result":"SYNC_SERVER_OK", "context":{"environment":"Prod_SoutheastAsia_000j", "migrationStage":"NotStarted", "server":"GENERAL01000007"}}
{"logTime": "0516/090451", "correlationVector":"uF23dc7W2ar2/ibH0OKrs1.2","action":"GetUpdates Response", "result":"SYNCER_OK", "context":Received 8 update(s). cV=uF23dc7W2ar2/ibH0OKrs1.0;server=GENERAL01000007;cloudType=Consumer;environment=Prod_SoutheastAsia_000j;migrationStage=NotStarted}
{"logTime": "0516/090540", "correlationVector":"lUPxw36J4CIcVjE4HWELBf","action":"Poll GetUpdate request", "result":"", "context":cV=lUPxw36J4CIcVjE4HWELBf}
{"logTime": "0516/090540", "correlationVector":"lUPxw36J4CIcVjE4HWELBf.1","action":"SyncServerConnectionManagerRequest", "result":"SYNC_SERVER_OK", "context":{"environment":"Prod_SoutheastAsia_000j", "migrationStage":"NotStarted", "server":"GENERAL01000014"}}
{"logTime": "0516/090541", "correlationVector":"lUPxw36J4CIcVjE4HWELBf.2","action":"GetUpdates Response", "result":"SYNCER_OK", "context":Received 0 update(s). cV=lUPxw36J4CIcVjE4HWELBf.0;server=GENERAL01000014;cloudType=Consumer;environment=Prod_SoutheastAsia_000j;migrationStage=NotStarted}
{"logTime": "0517/123213", "correlationVector":"FZIzgyxXQIgfYSEyEGRcIf.0","action":"FeedSettingFetch_homeCloud", "result":"0", "context":{}}
{"logTime": "0517/123213", "correlationVector":"FZIzgyxXQIgfYSEyEGRcIf.0","action":"SyncServerConnectionManagerRequest", "result":"SYNC_SERVER_OK", "context":{"environment":"", "migrationStage":"", "server":""}}
{"logTime": "0517/123213", "correlationVector":"sNbX9oqLMg0/rSbGTCvmMb.1","action":"SyncServerConnectionManagerRequest", "result":"SYNC_SERVER_OK", "context":{"environment":"Prod_SoutheastAsia_000j", "migrationStage":"NotStarted", "server":"GENERAL0100000D"}}
{"logTime": "0517/123213", "correlationVector":"sNbX9oqLMg0/rSbGTCvmMb","action":"Initial GetUpdates", "result":"", "context":Reason: NEW_CLIENT. cV=sNbX9oqLMg0/rSbGTCvmMb}
{"logTime": "0517/123213", "correlationVector":"sNbX9oqLMg0/rSbGTCvmMb.2","action":"GetUpdates Response", "result":"SYNCER_OK", "context":Received 1 update(s). cV=sNbX9oqLMg0/rSbGTCvmMb.0;server=GENERAL0100000D;cloudType=Consumer;environment=Prod_SoutheastAsia_000j;migrationStage=NotStarted}
{"logTime": "0517/123213", "correlationVector":"K9cYHByr9fEWLVSHi7QYss","action":"Initial GetUpdates", "result":"", "context":Reason: NEWLY_SUPPORTED_DATATYPE. cV=K9cYHByr9fEWLVSHi7QYss}
{"logTime": "0517/123213", "correlationVector":"K9cYHByr9fEWLVSHi7QYss.1","action":"SyncServerConnectionManagerRequest", "result":"SYNC_SERVER_OK", "context":{"environment":"Prod_SoutheastAsia_000j", "migrationStage":"NotStarted", "server":"GENERAL0100000K"}}
{"logTime": "0517/123213", "correlationVector":"K9cYHByr9fEWLVSHi7QYss.2","action":"GetUpdates Response", "result":"SYNCER_OK", "context":Received 16 update(s). cV=K9cYHByr9fEWLVSHi7QYss.0;server=GENERAL0100000K;cloudType=Consumer;environment=Prod_SoutheastAsia_000j;migrationStage=NotStarted}
{"logTime": "0517/123213", "correlationVector":"hsFS9WOkgejJdw4hayLDEd","action":"Normal GetUpdate request", "result":"", "context":cV=hsFS9WOkgejJdw4hayLDEd
Nudged types: Sessions, Device Info, User Consents
Refresh requested types: Bookmarks, Preferences, Passwords, Autofill Profiles, Autofill, Autofill Custom Data, Typed URLs, Extensions, Sessions, Extension settings, History Delete Directives, Device Info, User Consents, Send Tab To Self, Web Apps, Collection, Edge E Drop, Encryption Keys}
{"logTime": "0517/123213", "correlationVector":"hsFS9WOkgejJdw4hayLDEd.1","action":"SyncServerConnectionManagerRequest", "result":"SYNC_SERVER_OK", "context":{"environment":"Prod_SoutheastAsia_000j", "migrationStage":"NotStarted", "server":"GENERAL0100000D"}}
{"logTime": "0517/123213", "correlationVector":"hsFS9WOkgejJdw4hayLDEd.2","action":"GetUpdates", "result":"DeleteReceived", "context":{"id":"4dd241af-425c-4224-8f39-03ddbe5fca92", "isDeleted:":"true", "version":"1683439796981"}}
{"logTime": "0517/123213", "correlationVector":"hsFS9WOkgejJdw4hayLDEd.3","action":"GetUpdates", "result":"DeleteReceived", "context":{"id":"956ed820-78e7-44cd-bc9c-69f582b6d08f", "isDeleted:":"true", "version":"1684227863870"}}
{"logTime": "0517/123213", "correlationVector":"hsFS9WOkgejJdw4hayLDEd.4","action":"GetUpdates", "result":"DeleteReceived", "context":{"id":"1ae9fdc0-eb3c-4b75-92d1-09fbfdd97d0f", "isDeleted:":"true", "version":"1684322143882"}}
{"logTime": "0517/123213", "correlationVector":"hsFS9WOkgejJdw4hayLDEd.5","action":"GetUpdates Response", "result":"SYNCER_OK", "context":Received 13 update(s). cV=hsFS9WOkgejJdw4hayLDEd.0;server=GENERAL0100000D;cloudType=Consumer;environment=Prod_SoutheastAsia_000j;migrationStage=NotStarted}
{"logTime": "0517/123213", "correlationVector":"8JNsKbFRBeTItwxR1rWvct","action":"Commit Request", "result":"", "context":Item count: 1
Contributing types: Device Info}
{"logTime": "0517/123213", "correlationVector":"8JNsKbFRBeTItwxR1rWvct.1","action":"SyncServerConnectionManagerRequest", "result":"SYNC_SERVER_OK", "context":{"environment":"Prod_SoutheastAsia_000j", "migrationStage":"NotStarted", "server":"general0100001A"}}
{"logTime": "0517/123213", "correlationVector":"8JNsKbFRBeTItwxR1rWvct.2","action":"Commit Response", "result":"SYNCER_OK", "context":Result: SYNCER_OK. cV=8JNsKbFRBeTItwxR1rWvct.0;server=general0100001A;cloudType=Consumer;environment=Prod_SoutheastAsia_000j;migrationStage=NotStarted}
{"logTime": "0517/123213", "correlationVector":"wLmttA0UEYJT8voYH8Yd79","action":"Commit Request", "result":"", "context":Item count: 5
Contributing types: Sessions, User Consents}
{"logTime": "0517/123213", "correlationVector":"wLmttA0UEYJT8voYH8Yd79.1","action":"SyncServerConnectionManagerRequest", "result":"SYNC_SERVER_OK", "context":{"environment":"Prod_SoutheastAsia_000j", "migrationStage":"NotStarted", "server":"GENERAL01000016"}}
{"logTime": "0517/123213", "correlationVector":"wLmttA0UEYJT8voYH8Yd79.3","action":"Commit.Sessions", "result":"Success", "context":{"id":"e27f96c7-9e1e-4328-9bda-fc8caa14b8dc", "isDeleted":"true", "size":"0", "version":"1684227863869"}}
{"logTime": "0517/123213", "correlationVector":"wLmttA0UEYJT8voYH8Yd79.2","action":"Commit Response", "result":"SYNCER_OK", "context":Result: SYNCER_OK. cV=wLmttA0UEYJT8voYH8Yd79.0;server=GENERAL01000016;cloudType=Consumer;environment=Prod_SoutheastAsia_000j;migrationStage=NotStarted}
{"logTime": "0517/123213", "correlationVector":"FyjiPDdAOMVijNr7j4BW6i","action":"Commit Request", "result":"", "context":Item count: 1
Contributing types: Sessions}
{"logTime": "0517/123213", "correlationVector":"FyjiPDdAOMVijNr7j4BW6i.1","action":"SyncServerConnectionManagerRequest", "result":"SYNC_SERVER_OK", "context":{"environment":"Prod_SoutheastAsia_000j", "migrationStage":"NotStarted", "server":"GENERAL0100001J"}}
{"logTime": "0517/123213", "correlationVector":"FyjiPDdAOMVijNr7j4BW6i.2","action":"Commit Response", "result":"SYNCER_OK", "context":Result: SYNCER_OK. cV=FyjiPDdAOMVijNr7j4BW6i.0;server=GENERAL0100001J;cloudType=Consumer;environment=Prod_SoutheastAsia_000j;migrationStage=NotStarted}
{"logTime": "0517/123216", "correlationVector":"JF817054N1lUOsqt/lnw5O","action":"Normal GetUpdate request", "result":"", "context":cV=JF817054N1lUOsqt/lnw5O
Notified types: Device Info}
{"logTime": "0517/123216", "correlationVector":"JF817054N1lUOsqt/lnw5O.1","action":"SyncServerConnectionManagerRequest", "result":"SYNC_SERVER_OK", "context":{"environment":"Prod_SoutheastAsia_000j", "migrationStage":"NotStarted", "server":"general0100000I"}}
{"logTime": "0517/123216", "correlationVector":"JF817054N1lUOsqt/lnw5O.2","action":"GetUpdates", "result":"DeleteReceived", "context":{"id":"e27f96c7-9e1e-4328-9bda-fc8caa14b8dc", "isDeleted:":"true", "version":"1684326662855"}}
{"logTime": "0517/123216", "correlationVector":"JF817054N1lUOsqt/lnw5O.3","action":"GetUpdates Response", "result":"SYNCER_OK", "context":Received 5 update(s). cV=JF817054N1lUOsqt/lnw5O.0;server=general0100000I;cloudType=Consumer;environment=Prod_SoutheastAsia_000j;migrationStage=NotStarted}
{"logTime": "0517/123233", "correlationVector":"csh+8Ebap1fxOm6n+VOhxM","action":"Poll GetUpdate request", "result":"", "context":cV=csh+8Ebap1fxOm6n+VOhxM}
{"logTime": "0517/123235", "correlationVector":"csh+8Ebap1fxOm6n+VOhxM.1","action":"SyncServerConnectionManagerRequest", "result":"SYNC_SERVER_OK", "context":{"environment":"Prod_SoutheastAsia_000j", "migrationStage":"NotStarted", "server":"general01000011"}}
{"logTime": "0517/123235", "correlationVector":"csh+8Ebap1fxOm6n+VOhxM.2","action":"GetUpdates Response", "result":"SYNCER_OK", "context":Received 0 update(s). cV=csh+8Ebap1fxOm6n+VOhxM.0;server=general01000011;cloudType=Consumer;environment=Prod_SoutheastAsia_000j;migrationStage=NotStarted}
{"logTime": "0517/194123", "correlationVector":"zZeBL/kznJGSTeHa8LAB4z","action":"Normal GetUpdate request", "result":"", "context":cV=zZeBL/kznJGSTeHa8LAB4z
Notified types: Device Info}
{"logTime": "0517/194124", "correlationVector":"zZeBL/kznJGSTeHa8LAB4z.1","action":"SyncServerConnectionManagerRequest", "result":"SYNC_SERVER_OK", "context":{"environment":"Prod_SoutheastAsia_000j", "migrationStage":"NotStarted", "server":"GENERAL01000010"}}
{"logTime": "0517/194124", "correlationVector":"zZeBL/kznJGSTeHa8LAB4z.2","action":"GetUpdates", "result":"DeleteReceived", "context":{"id":"36a94c36-b5fd-4cb2-b75d-f055a2f2ff8a", "isDeleted:":"true", "version":"1684334063114"}}
{"logTime": "0517/194124", "correlationVector":"zZeBL/kznJGSTeHa8LAB4z.3","action":"GetUpdates", "result":"DeleteReceived", "context":{"id":"a64c69fb-76ef-4933-9f87-c83b247ee097", "isDeleted:":"true", "version":"1684350919776"}}
{"logTime": "0517/194124", "correlationVector":"zZeBL/kznJGSTeHa8LAB4z.4","action":"GetUpdates Response", "result":"SYNCER_OK", "context":Received 6 update(s). cV=zZeBL/kznJGSTeHa8LAB4z.0;server=GENERAL01000010;cloudType=Consumer;environment=Prod_SoutheastAsia_000j;migrationStage=NotStarted}
{"logTime": "0517/203235", "correlationVector":"gNd0OA6zlOwKqaqnqM1Fme","action":"Poll GetUpdate request", "result":"", "context":cV=gNd0OA6zlOwKqaqnqM1Fme}
{"logTime": "0517/203235", "correlationVector":"gNd0OA6zlOwKqaqnqM1Fme.1","action":"SyncServerConnectionManagerRequest", "result":"SYNC_SERVER_OK", "context":{"environment":"Prod_SoutheastAsia_000j", "migrationStage":"NotStarted", "server":"GENERAL0100001E"}}
{"logTime": "0517/203235", "correlationVector":"gNd0OA6zlOwKqaqnqM1Fme.2","action":"GetUpdates Response", "result":"SYNCER_OK", "context":Received 0 update(s). cV=gNd0OA6zlOwKqaqnqM1Fme.0;server=GENERAL0100001E;cloudType=Consumer;environment=Prod_SoutheastAsia_000j;migrationStage=NotStarted}
{"logTime": "0517/234845", "correlationVector":"2q+JCW+JNFhkssqIMabaGX","action":"Commit Request", "result":"", "context":Item count: 2
Contributing types: Sessions}
{"logTime": "0517/234845", "correlationVector":"2q+JCW+JNFhkssqIMabaGX.1","action":"SyncServerConnectionManagerRequest", "result":"SYNC_AUTH_ERROR", "context":{"environment":"Prod_SoutheastAsia_000j", "migrationStage":"NotStarted", "server":"GENERAL0100000R"}}
{"logTime": "0517/234845", "correlationVector":"2q+JCW+JNFhkssqIMabaGX.2","action":"Commit Response", "result":"SYNC_AUTH_ERROR (HTTP 401)", "context":Result: SYNC_AUTH_ERROR (HTTP 401). cV=2q+JCW+JNFhkssqIMabaGX.0;server=GENERAL0100000R;cloudType=Undetermined;environment=Prod_SoutheastAsia_000j;migrationStage=NotStarted}
{"logTime": "0518/043235", "correlationVector":"qdzwcDLBZOdly/LjAJfAMg","action":"Poll GetUpdate request", "result":"", "context":cV=qdzwcDLBZOdly/LjAJfAMg}
{"logTime": "0518/043236", "correlationVector":"qdzwcDLBZOdly/LjAJfAMg.1","action":"SyncServerConnectionManagerRequest", "result":"SYNC_SERVER_OK", "context":{"environment":"Prod_EastAsia_000d", "migrationStage":"NotStarted", "server":"GENERAL0100001P"}}
{"logTime": "0518/043236", "correlationVector":"qdzwcDLBZOdly/LjAJfAMg.2","action":"GetUpdates", "result":"DeleteReceived", "context":{"id":"78784649-e3db-4712-b7eb-4e41bbf0f7cd", "isDeleted:":"true", "version":"1684361564953"}}
{"logTime": "0518/043236", "correlationVector":"qdzwcDLBZOdly/LjAJfAMg.3","action":"GetUpdates", "result":"DeleteReceived", "context":{"id":"2142e0e9-658a-468d-9dbf-a632036185cd", "isDeleted:":"true", "version":"1684361564954"}}
{"logTime": "0518/043236", "correlationVector":"qdzwcDLBZOdly/LjAJfAMg.4","action":"GetUpdates", "result":"DeleteReceived", "context":{"id":"0fbc755d-6c09-458b-a54b-747e652a9c7e", "isDeleted:":"true", "version":"1684365792740"}}
{"logTime": "0518/043236", "correlationVector":"qdzwcDLBZOdly/LjAJfAMg.5","action":"GetUpdates Response", "result":"SYNCER_OK", "context":Received 4 update(s). cV=qdzwcDLBZOdly/LjAJfAMg.0;server=GENERAL0100001P;cloudType=Consumer;environment=Prod_EastAsia_000d;migrationStage=NotStarted}
{"logTime": "0518/123113", "correlationVector":"YXVNTMI1f387BCDOxBIupW","action":"Commit Request", "result":"", "context":Item count: 1
Contributing types: Device Info}
{"logTime": "0518/123113", "correlationVector":"YXVNTMI1f387BCDOxBIupW.1","action":"SyncServerConnectionManagerRequest", "result":"SYNC_AUTH_ERROR", "context":{"environment":"Prod_SoutheastAsia_000j", "migrationStage":"NotStarted", "server":"GENERAL0100001L"}}
{"logTime": "0518/123113", "correlationVector":"YXVNTMI1f387BCDOxBIupW.2","action":"Commit Response", "result":"SYNC_AUTH_ERROR (HTTP 401)", "context":Result: SYNC_AUTH_ERROR (HTTP 401). cV=YXVNTMI1f387BCDOxBIupW.0;server=GENERAL0100001L;cloudType=Undetermined;environment=Prod_SoutheastAsia_000j;migrationStage=NotStarted}
{"logTime": "0518/123236", "correlationVector":"yHZ56pZcPHVDwLBMflhRTA","action":"SyncServerConnectionManagerRequest", "result":"SYNC_SERVER_OK", "context":{"environment":"", "migrationStage":"", "server":""}}
{"logTime": "0518/123236", "correlationVector":"tboUH7X0F1ZqasLuG8HNxd","action":"Poll GetUpdate request", "result":"", "context":cV=tboUH7X0F1ZqasLuG8HNxd}
{"logTime": "0518/123237", "correlationVector":"tboUH7X0F1ZqasLuG8HNxd.1","action":"SyncServerConnectionManagerRequest", "result":"SYNC_SERVER_OK", "context":{"environment":"Prod_SoutheastAsia_000j", "migrationStage":"NotStarted", "server":"GENERAL0100001D"}}
{"logTime": "0518/123237", "correlationVector":"tboUH7X0F1ZqasLuG8HNxd.2","action":"GetUpdates Response", "result":"SYNCER_OK", "context":Received 3 update(s). cV=tboUH7X0F1ZqasLuG8HNxd.0;server=GENERAL0100001D;cloudType=Consumer;environment=Prod_SoutheastAsia_000j;migrationStage=NotStarted}
{"logTime": "0518/203237", "correlationVector":"0pJcILy7zsqmzwnRx4hvoC","action":"Poll GetUpdate request", "result":"", "context":cV=0pJcILy7zsqmzwnRx4hvoC}
{"logTime": "0518/203237", "correlationVector":"0pJcILy7zsqmzwnRx4hvoC.1","action":"SyncServerConnectionManagerRequest", "result":"SYNC_AUTH_ERROR", "context":{"environment":"Prod_SoutheastAsia_000j", "migrationStage":"NotStarted", "server":"GENERAL01000005"}}
{"logTime": "0518/203237", "correlationVector":"0pJcILy7zsqmzwnRx4hvoC.2","action":"GetUpdates Response", "result":"SYNC_AUTH_ERROR (HTTP 401)", "context":Received error: SYNC_AUTH_ERROR (HTTP 401). cV=0pJcILy7zsqmzwnRx4hvoC.0;server=GENERAL01000005;cloudType=Undetermined;environment=Prod_SoutheastAsia_000j;migrationStage=NotStarted}
{"logTime": "0518/203238", "correlationVector":"CxwNipDdMSWxg5ohhgS0n4","action":"Poll GetUpdate request", "result":"", "context":cV=CxwNipDdMSWxg5ohhgS0n4}
{"logTime": "0518/203239", "correlationVector":"CxwNipDdMSWxg5ohhgS0n4.1","action":"SyncServerConnectionManagerRequest", "result":"SYNC_SERVER_OK", "context":{"environment":"Prod_SoutheastAsia_000j", "migrationStage":"NotStarted", "server":"GENERAL01000017"}}
{"logTime": "0518/203239", "correlationVector":"CxwNipDdMSWxg5ohhgS0n4.2","action":"GetUpdates Response", "result":"SYNCER_OK", "context":Received 0 update(s). cV=CxwNipDdMSWxg5ohhgS0n4.0;server=GENERAL01000017;cloudType=Consumer;environment=Prod_SoutheastAsia_000j;migrationStage=NotStarted}
{"logTime": "0519/063150", "correlationVector":"5sAazIbWbVIE5C4vMekJzZ.0","action":"FeedSettingFetch_homeCloud", "result":"0", "context":{}}
{"logTime": "0519/063150", "correlationVector":"5sAazIbWbVIE5C4vMekJzZ.0","action":"SyncServerConnectionManagerRequest", "result":"SYNC_SERVER_OK", "context":{"environment":"", "migrationStage":"", "server":""}}
{"logTime": "0519/063150", "correlationVector":"VuLz9geLQQtINpgrjRQ3w1.1","action":"SyncServerConnectionManagerRequest", "result":"SYNC_SERVER_OK", "context":{"environment":"Prod_SoutheastAsia_000j", "migrationStage":"NotStarted", "server":"GENERAL0100000C"}}
{"logTime": "0519/063150", "correlationVector":"VuLz9geLQQtINpgrjRQ3w1","action":"Initial GetUpdates", "result":"", "context":Reason: NEW_CLIENT. cV=VuLz9geLQQtINpgrjRQ3w1}
{"logTime": "0519/063150", "correlationVector":"VuLz9geLQQtINpgrjRQ3w1.2","action":"GetUpdates Response", "result":"SYNCER_OK", "context":Received 1 update(s). cV=VuLz9geLQQtINpgrjRQ3w1.0;server=GENERAL0100000C;cloudType=Consumer;environment=Prod_SoutheastAsia_000j;migrationStage=NotStarted}
{"logTime": "0519/063150", "correlationVector":"TybcOxSL0eAATszF74rAOs","action":"Initial GetUpdates", "result":"", "context":Reason: NEWLY_SUPPORTED_DATATYPE. cV=TybcOxSL0eAATszF74rAOs}
{"logTime": "0519/063150", "correlationVector":"TybcOxSL0eAATszF74rAOs.1","action":"SyncServerConnectionManagerRequest", "result":"SYNC_SERVER_OK", "context":{"environment":"Prod_SoutheastAsia_000j", "migrationStage":"NotStarted", "server":"GENERAL01000010"}}
{"logTime": "0519/063150", "correlationVector":"TybcOxSL0eAATszF74rAOs.2","action":"GetUpdates Response", "result":"SYNCER_OK", "context":Received 16 update(s). cV=TybcOxSL0eAATszF74rAOs.0;server=GENERAL01000010;cloudType=Consumer;environment=Prod_SoutheastAsia_000j;migrationStage=NotStarted}
{"logTime": "0519/063150", "correlationVector":"AmuQFakWz3T1oJOnL+A1zW","action":"Normal GetUpdate request", "result":"", "context":cV=AmuQFakWz3T1oJOnL+A1zW
Nudged types: Sessions, Device Info, User Consents
Refresh requested types: Bookmarks, Preferences, Passwords, Autofill Profiles, Autofill, Autofill Custom Data, Typed URLs, Extensions, Sessions, Extension settings, History Delete Directives, Device Info, User Consents, Send Tab To Self, Web Apps, Collection, Edge E Drop, Encryption Keys}
{"logTime": "0519/063150", "correlationVector":"AmuQFakWz3T1oJOnL+A1zW.1","action":"SyncServerConnectionManagerRequest", "result":"SYNC_SERVER_OK", "context":{"environment":"Prod_SoutheastAsia_000j", "migrationStage":"NotStarted", "server":"general01000012"}}
{"logTime": "0519/063150", "correlationVector":"AmuQFakWz3T1oJOnL+A1zW.2","action":"GetUpdates Response", "result":"SYNCER_OK", "context":Received 1 update(s). cV=AmuQFakWz3T1oJOnL+A1zW.0;server=general01000012;cloudType=Consumer;environment=Prod_SoutheastAsia_000j;migrationStage=NotStarted}
{"logTime": "0519/063150", "correlationVector":"RtbCFHiasPQp4HlQyn4H1D","action":"Commit Request", "result":"", "context":Item count: 1
Contributing types: Device Info}
{"logTime": "0519/063150", "correlationVector":"RtbCFHiasPQp4HlQyn4H1D.1","action":"SyncServerConnectionManagerRequest", "result":"SYNC_SERVER_OK", "context":{"environment":"Prod_SoutheastAsia_000j", "migrationStage":"NotStarted", "server":"GENERAL01000000"}}
{"logTime": "0519/063150", "correlationVector":"RtbCFHiasPQp4HlQyn4H1D.2","action":"Commit Response", "result":"SYNCER_OK", "context":Result: SYNCER_OK. cV=RtbCFHiasPQp4HlQyn4H1D.0;server=GENERAL01000000;cloudType=Consumer;environment=Prod_SoutheastAsia_000j;migrationStage=NotStarted}
{"logTime": "0519/063150", "correlationVector":"vok0NB4+Ti2lGEPAlyxcmV","action":"Commit Request", "result":"", "context":Item count: 4
Contributing types: Sessions, User Consents}
{"logTime": "0519/063150", "correlationVector":"vok0NB4+Ti2lGEPAlyxcmV.1","action":"SyncServerConnectionManagerRequest", "result":"SYNC_SERVER_OK", "context":{"environment":"Prod_SoutheastAsia_000j", "migrationStage":"NotStarted", "server":"GENERAL01000015"}}
{"logTime": "0519/063150", "correlationVector":"vok0NB4+Ti2lGEPAlyxcmV.3","action":"Commit.Sessions", "result":"Success", "context":{"id":"547ce4f5-1e1b-4785-ad58-2ca3bb521ca9", "isDeleted":"true", "size":"0", "version":"1684412090942"}}
{"logTime": "0519/063150", "correlationVector":"vok0NB4+Ti2lGEPAlyxcmV.2","action":"Commit Response", "result":"SYNCER_OK", "context":Result: SYNCER_OK. cV=vok0NB4+Ti2lGEPAlyxcmV.0;server=GENERAL01000015;cloudType=Consumer;environment=Prod_SoutheastAsia_000j;migrationStage=NotStarted}
{"logTime": "0519/063223", "correlationVector":"+edCIRLWy3d/mZLoF4hd0U","action":"Poll GetUpdate request", "result":"", "context":cV=+edCIRLWy3d/mZLoF4hd0U}
{"logTime": "0519/063224", "correlationVector":"+edCIRLWy3d/mZLoF4hd0U.1","action":"SyncServerConnectionManagerRequest", "result":"SYNC_SERVER_OK", "context":{"environment":"Prod_SoutheastAsia_000j", "migrationStage":"NotStarted", "server":"GENERAL0100000E"}}
{"logTime": "0519/063224", "correlationVector":"+edCIRLWy3d/mZLoF4hd0U.2","action":"GetUpdates", "result":"DeleteReceived", "context":{"id":"547ce4f5-1e1b-4785-ad58-2ca3bb521ca9", "isDeleted:":"true", "version":"1684477841317"}}
{"logTime": "0519/063224", "correlationVector":"+edCIRLWy3d/mZLoF4hd0U.3","action":"GetUpdates Response", "result":"SYNCER_OK", "context":Received 4 update(s). cV=+edCIRLWy3d/mZLoF4hd0U.0;server=GENERAL0100000E;cloudType=Consumer;environment=Prod_SoutheastAsia_000j;migrationStage=NotStarted}
{"logTime": "0519/070725", "correlationVector":"QQ1vEHn21meUryat6YdmeS","action":"Commit Request", "result":"", "context":Item count: 1
Contributing types: Sessions}
{"logTime": "0519/070726", "correlationVector":"QQ1vEHn21meUryat6YdmeS.1","action":"SyncServerConnectionManagerRequest", "result":"SYNC_SERVER_OK", "context":{"environment":"Prod_SoutheastAsia_000j", "migrationStage":"NotStarted", "server":"GENERAL0100001C"}}
{"logTime": "0519/070726", "correlationVector":"QQ1vEHn21meUryat6YdmeS.2","action":"Commit Response", "result":"SYNCER_OK", "context":Result: SYNCER_OK. cV=QQ1vEHn21meUryat6YdmeS.0;server=GENERAL0100001C;cloudType=Consumer;environment=Prod_SoutheastAsia_000j;migrationStage=NotStarted}
